[debug] [2021-09-29T18:05:16.104Z] ----------------------------------------------------------------------
[debug] [2021-09-29T18:05:16.107Z] Command:       D:\NODE_JS\bin\nodejs\node-v14.15.3-win-x64\node.exe D:\NODE_JS\bin\nodejs\node-v14.15.3-win-x64\node_modules\firebase-tools\lib\bin\firebase.js deploy
[debug] [2021-09-29T18:05:16.107Z] CLI Version:   9.19.0
[debug] [2021-09-29T18:05:16.107Z] Platform:      win32
[debug] [2021-09-29T18:05:16.107Z] Node Version:  v14.15.3
[debug] [2021-09-29T18:05:16.109Z] Time:          Wed Sep 29 2021 23:35:16 GMT+0530 (India Standard Time)
[debug] [2021-09-29T18:05:16.109Z] ----------------------------------------------------------------------
[debug] 
[debug] [2021-09-29T18:05:16.162Z] > command requires scopes: ["email","openid","https://www.googleapis.com/auth/cloudplatformprojects.readonly","https://www.googleapis.com/auth/firebase","https://www.googleapis.com/auth/cloud-platform"]
[debug] [2021-09-29T18:05:16.162Z] > authorizing via signed-in user (manjuhosamani126@gmail.com)
[debug] [2021-09-29T18:05:16.162Z] [iam] checking project capitalmovies-3d17d for permissions ["firebase.projects.get","firebasedatabase.instances.update","firebasehosting.sites.update"]
[debug] [2021-09-29T18:05:16.164Z] > refreshing access token with scopes: ["email","https://www.googleapis.com/auth/cloud-platform","https://www.googleapis.com/auth/cloudplatformprojects.readonly","https://www.googleapis.com/auth/firebase","openid"]
[debug] [2021-09-29T18:05:16.165Z] >>> HTTP REQUEST POST https://www.googleapis.com/oauth2/v3/token  
 <request body omitted>
[debug] [2021-09-29T18:05:16.448Z] <<< HTTP RESPONSE 200 {"cache-control":"no-cache, no-store, max-age=0, must-revalidate","date":"Wed, 29 Sep 2021 18:05:16 GMT","pragma":"no-cache","expires":"Mon, 01 Jan 1990 00:00:00 GMT","content-type":"application/json; charset=utf-8","vary":"X-Origin, Referer, Origin,Accept-Encoding","server":"scaffolding on HTTPServer2","x-xss-protection":"0","x-frame-options":"SAMEORIGIN","x-content-type-options":"nosniff","alt-svc":"h3=\":443\"; ma=2592000,h3-29=\":443\"; ma=2592000,h3-T051=\":443\"; ma=2592000,h3-Q050=\":443\"; ma=2592000,h3-Q046=\":443\"; ma=2592000,h3-Q043=\":443\"; ma=2592000,quic=\":443\"; ma=2592000; v=\"46,43\"","accept-ranges":"none","transfer-encoding":"chunked"}
[debug] [2021-09-29T18:05:16.469Z] >>> HTTP REQUEST POST https://cloudresourcemanager.googleapis.com/v1/projects/capitalmovies-3d17d:testIamPermissions  
 {"permissions":["firebase.projects.get","firebasedatabase.instances.update","firebasehosting.sites.update"]}
[debug] [2021-09-29T18:05:17.971Z] <<< HTTP RESPONSE 200 {"content-type":"application/json; charset=UTF-8","vary":"X-Origin, Referer, Origin,Accept-Encoding","date":"Wed, 29 Sep 2021 18:05:17 GMT","server":"ESF","cache-control":"private","x-xss-protection":"0","x-frame-options":"SAMEORIGIN","x-content-type-options":"nosniff","server-timing":"gfet4t7; dur=1335","alt-svc":"h3=\":443\"; ma=2592000,h3-29=\":443\"; ma=2592000,h3-T051=\":443\"; ma=2592000,h3-Q050=\":443\"; ma=2592000,h3-Q046=\":443\"; ma=2592000,h3-Q043=\":443\"; ma=2592000,quic=\":443\"; ma=2592000; v=\"46,43\"","accept-ranges":"none","transfer-encoding":"chunked"}
[debug] [2021-09-29T18:05:17.972Z] > refreshing access token with scopes: []
[debug] [2021-09-29T18:05:17.972Z] >>> HTTP REQUEST POST https://www.googleapis.com/oauth2/v3/token  
 <request body omitted>
[debug] [2021-09-29T18:05:18.722Z] <<< HTTP RESPONSE 200 {"pragma":"no-cache","date":"Wed, 29 Sep 2021 18:05:18 GMT","expires":"Mon, 01 Jan 1990 00:00:00 GMT","cache-control":"no-cache, no-store, max-age=0, must-revalidate","content-type":"application/json; charset=utf-8","vary":"X-Origin, Referer, Origin,Accept-Encoding","server":"scaffolding on HTTPServer2","x-xss-protection":"0","x-frame-options":"SAMEORIGIN","x-content-type-options":"nosniff","alt-svc":"h3=\":443\"; ma=2592000,h3-29=\":443\"; ma=2592000,h3-T051=\":443\"; ma=2592000,h3-Q050=\":443\"; ma=2592000,h3-Q046=\":443\"; ma=2592000,h3-Q043=\":443\"; ma=2592000,quic=\":443\"; ma=2592000; v=\"46,43\"","accept-ranges":"none","transfer-encoding":"chunked"}
[debug] [2021-09-29T18:05:18.755Z] >>> [apiv2][query] GET https://firebase.googleapis.com/v1beta1/projects/capitalmovies-3d17d [none]
[debug] [2021-09-29T18:05:19.288Z] <<< [apiv2][status] GET https://firebase.googleapis.com/v1beta1/projects/capitalmovies-3d17d 200
[debug] [2021-09-29T18:05:19.288Z] <<< [apiv2][body] GET https://firebase.googleapis.com/v1beta1/projects/capitalmovies-3d17d {"projectId":"capitalmovies-3d17d","projectNumber":"332258716279","displayName":"CapitalMovies","name":"projects/capitalmovies-3d17d","resources":{"hostingSite":"capitalmovies-3d17d","realtimeDatabaseInstance":"capitalmovies-3d17d-default-rtdb"},"state":"ACTIVE"}
[debug] [2021-09-29T18:05:19.289Z] >>> [apiv2][query] GET https://firebase.googleapis.com/v1beta1/projects/capitalmovies-3d17d [none]
[debug] [2021-09-29T18:05:19.860Z] <<< [apiv2][status] GET https://firebase.googleapis.com/v1beta1/projects/capitalmovies-3d17d 200
[debug] [2021-09-29T18:05:19.860Z] <<< [apiv2][body] GET https://firebase.googleapis.com/v1beta1/projects/capitalmovies-3d17d {"projectId":"capitalmovies-3d17d","projectNumber":"332258716279","displayName":"CapitalMovies","name":"projects/capitalmovies-3d17d","resources":{"hostingSite":"capitalmovies-3d17d","realtimeDatabaseInstance":"capitalmovies-3d17d-default-rtdb"},"state":"ACTIVE"}
[info] 
[info] === Deploying to 'capitalmovies-3d17d'...
[info] 
[info] i  deploying database, hosting 
[info] i  database: checking rules syntax... 
[debug] [2021-09-29T18:05:19.875Z] > refreshing access token with scopes: ["email","https://www.googleapis.com/auth/cloud-platform","https://www.googleapis.com/auth/cloudplatformprojects.readonly","https://www.googleapis.com/auth/firebase","openid"]
[debug] [2021-09-29T18:05:19.875Z] >>> HTTP REQUEST POST https://www.googleapis.com/oauth2/v3/token  
 <request body omitted>
[debug] [2021-09-29T18:05:20.119Z] <<< HTTP RESPONSE 200 {"date":"Wed, 29 Sep 2021 18:05:20 GMT","expires":"Mon, 01 Jan 1990 00:00:00 GMT","pragma":"no-cache","cache-control":"no-cache, no-store, max-age=0, must-revalidate","content-type":"application/json; charset=utf-8","vary":"X-Origin, Referer, Origin,Accept-Encoding","server":"scaffolding on HTTPServer2","x-xss-protection":"0","x-frame-options":"SAMEORIGIN","x-content-type-options":"nosniff","alt-svc":"h3=\":443\"; ma=2592000,h3-29=\":443\"; ma=2592000,h3-T051=\":443\"; ma=2592000,h3-Q050=\":443\"; ma=2592000,h3-Q046=\":443\"; ma=2592000,h3-Q043=\":443\"; ma=2592000,quic=\":443\"; ma=2592000; v=\"46,43\"","accept-ranges":"none","transfer-encoding":"chunked"}
[debug] [2021-09-29T18:05:20.138Z] >>> HTTP REQUEST GET https://firebasedatabase.googleapis.com/v1beta/projects/capitalmovies-3d17d/locations/-/instances/capitalmovies-3d17d-default-rtdb  
 
[debug] [2021-09-29T18:05:20.798Z] <<< HTTP RESPONSE 200 {"content-type":"application/json; charset=UTF-8","vary":"X-Origin, Referer, Origin,Accept-Encoding","date":"Wed, 29 Sep 2021 18:05:20 GMT","server":"ESF","cache-control":"private","x-xss-protection":"0","x-frame-options":"SAMEORIGIN","x-content-type-options":"nosniff","alt-svc":"h3=\":443\"; ma=2592000,h3-29=\":443\"; ma=2592000,h3-T051=\":443\"; ma=2592000,h3-Q050=\":443\"; ma=2592000,h3-Q046=\":443\"; ma=2592000,h3-Q043=\":443\"; ma=2592000,quic=\":443\"; ma=2592000; v=\"46,43\"","accept-ranges":"none","transfer-encoding":"chunked"}
[debug] [2021-09-29T18:05:20.802Z] >>> HTTP REQUEST PUT https://capitalmovies-3d17d-default-rtdb.asia-southeast1.firebasedatabase.app/.settings/rules.json?dryRun=true  
 {
  /* Visit https://firebase.google.com/docs/database/security to learn more about security rules. */
  "rules": {
    ".read": false,
    ".write": false
  }
}
[debug] [2021-09-29T18:05:21.136Z] <<< HTTP RESPONSE 404 {"server":"nginx","date":"Wed, 29 Sep 2021 18:05:21 GMT","content-type":"application/json; charset=utf-8","content-length":"101","connection":"keep-alive","access-control-allow-origin":"*","cache-control":"no-cache","strict-transport-security":"max-age=31556926; includeSubDomains; preload"}
[debug] [2021-09-29T18:05:21.136Z] <<< HTTP RESPONSE BODY {
  "error" : "Firebase error. Please ensure that you spelled the name of your Firebase correctly"
}

[error] 
[error] Error: Unexpected error while deploying database rules.
